2020-09-22 14:30:50,412 - INFO - configuration loaded: {
    "baud": 115200,
    "httpport": 8000,
    "ip": "192.168.1.210",
    "nodes": [
        {
            "address": 1,
            "inputs": 2,
            "name": "tower1",
            "outputs": 2,
            "servos": 2
        }
    ],
    "socketport": 8001,
    "tty": "/dev/ttyUSB0"
}
2020-09-22 14:30:50,412 - INFO - Configuring node: tower1
2020-09-22 14:30:50,412 - INFO - rules loaded: [
    [
        [
            [
                1,
                1,
                false
            ],
            [
                1,
                2,
                false
            ]
        ],
        [
            [
                "reverse",
                1,
                31
            ],
            [
                "outon",
                1,
                15
            ]
        ]
    ],
    [
        [
            [
                1,
                3,
                false
            ],
            [
                1,
                2,
                false
            ]
        ],
        [
            [
                "angle",
                1,
                31,
                90
            ]
        ]
    ],
    [
        [
            [
                1,
                1,
                false
            ],
            [
                1,
                3,
                false
            ]
        ],
        [
            [
                "normal",
                1,
                31
            ],
            [
                "outoff",
                1,
                15
            ]
        ]
    ]
]
2020-09-22 14:30:50,413 - INFO - server has disconnected - exiting
2020-09-22 14:30:50,413 - INFO - joining with listener thread
2020-09-22 14:30:50,413 - INFO - exiting
